{
  "stats": {
    "suites": 1,
    "tests": 6,
    "passes": 3,
    "pending": 0,
    "failures": 3,
    "start": "2024-02-25T23:22:53.511Z",
    "end": "2024-02-25T23:22:53.687Z",
    "duration": 176,
    "testsRegistered": 6,
    "passPercent": 50,
    "pendingPercent": 0,
    "other": 0,
    "hasOther": false,
    "skipped": 0,
    "hasSkipped": false
  },
  "results": [
    {
      "uuid": "f1b33730-3ecb-435f-8f77-da0b16b65c74",
      "title": "",
      "fullFile": "D:\\Fatma Ezzat\\Job\\Projects\\Siemens Task\\App\\test.js",
      "file": "\\test.js",
      "beforeHooks": [],
      "afterHooks": [],
      "tests": [],
      "suites": [
        {
          "uuid": "a108aee1-fb2e-4dfa-8b36-266ce589703c",
          "title": "api testing",
          "fullFile": "D:\\Fatma Ezzat\\Job\\Projects\\Siemens Task\\App\\test.js",
          "file": "\\test.js",
          "beforeHooks": [],
          "afterHooks": [],
          "tests": [
            {
              "title": "should create user successfully",
              "fullTitle": "api testing should create user successfully",
              "timedOut": false,
              "duration": 119,
              "state": "passed",
              "speed": "slow",
              "pass": true,
              "fail": false,
              "pending": false,
              "context": null,
              "code": "request('http://localhost:3000')\n  .post('/api/v1/users')\n  .send({\n      \"name\": \"user\",\n      \"email\": \"user@gmail.com\",\n      \"password\": \"user123\"\n  })\n  .set('Accept', 'application/json')\n  .set('Content-Type','application/json')\n  .expect(function(res) {\n      res.body.message = 'User registered with success';\n      res.body.token = 'eyJhbGciOiJI...';\n    })\n  .expect(200,done);",
              "err": {},
              "uuid": "a546a3a5-847a-4a5d-8f99-6f5092482c9a",
              "parentUUID": "a108aee1-fb2e-4dfa-8b36-266ce589703c",
              "isHook": false,
              "skipped": false
            },
            {
              "title": "should authenticate user",
              "fullTitle": "api testing should authenticate user",
              "timedOut": false,
              "duration": 9,
              "state": "passed",
              "speed": "fast",
              "pass": true,
              "fail": false,
              "pending": false,
              "context": null,
              "code": "request('http://localhost:3000')\n  .post('/api/v1/auth')\n  .send({\n      \"email\": \"user@gmail.com\",\n      \"password\": \"user123\"\n  })\n  .set('Accept', 'application/json')\n  .set('Content-Type','application/json')\n  .expect(function(res) {\n      res.body.token = 'eyJhbGciOiJI...';\n    })\n  .expect(200,done);",
              "err": {},
              "uuid": "da476290-6e8a-44e9-a45f-70a686823837",
              "parentUUID": "a108aee1-fb2e-4dfa-8b36-266ce589703c",
              "isHook": false,
              "skipped": false
            },
            {
              "title": "should get user by token",
              "fullTitle": "api testing should get user by token",
              "timedOut": false,
              "duration": 9,
              "state": "failed",
              "speed": null,
              "pass": false,
              "fail": true,
              "pending": false,
              "context": null,
              "code": "request('http://localhost:3000')\n.get('/api/v1/users')\n.set('Authorization','eyJhbGciOiJI...')\n.set('Content-Type','application/json')\n.expect(function(res) {\n    res.body.id = 46643;\n    res.body.name = 'user';\n    res.body.email = 'user@gmail.com';\n    res.body.password = 'user123';\n    res.body.imageUrl = 'https://almsaeedstudio.com/themes/AdminLTE/dist/img/user2-160x160.jpg'\n  })\n.expect(200,done);",
              "err": {
                "message": "Error: expected 200 \"OK\", got 403 \"Forbidden\"",
                "estack": "Error: expected 200 \"OK\", got 403 \"Forbidden\"\n    at Context.<anonymous> (test.js:50:10)\n    at process.processImmediate (node:internal/timers:478:21)\n----\n    at Test._assertStatus (node_modules\\supertest\\lib\\test.js:252:14)\n    at D:\\Fatma Ezzat\\Job\\Projects\\Siemens Task\\App\\node_modules\\supertest\\lib\\test.js:308:13\n    at Test._assertFunction (node_modules\\supertest\\lib\\test.js:285:13)\n    at Test.assert (node_modules\\supertest\\lib\\test.js:164:23)\n    at localAssert (node_modules\\supertest\\lib\\test.js:120:14)\n    at D:\\Fatma Ezzat\\Job\\Projects\\Siemens Task\\App\\node_modules\\supertest\\lib\\test.js:125:7\n    at Request.callback (node_modules\\superagent\\lib\\node\\index.js:867:3)\n    at D:\\Fatma Ezzat\\Job\\Projects\\Siemens Task\\App\\node_modules\\superagent\\lib\\node\\index.js:1070:18\n    at IncomingMessage.<anonymous> (node_modules\\superagent\\lib\\node\\parsers\\json.js:21:7)\n    at IncomingMessage.emit (node:events:530:35)\n    at endReadableNT (node:internal/streams/readable:1696:12)\n    at process.processTicksAndRejections (node:internal/process/task_queues:82:21)",
                "diff": null
              },
              "uuid": "4f714486-e363-4587-8dc6-88585d000a4e",
              "parentUUID": "a108aee1-fb2e-4dfa-8b36-266ce589703c",
              "isHook": false,
              "skipped": false
            },
            {
              "title": "should update user successfully",
              "fullTitle": "api testing should update user successfully",
              "timedOut": false,
              "duration": 8,
              "state": "failed",
              "speed": null,
              "pass": false,
              "fail": true,
              "pending": false,
              "context": null,
              "code": "request('http://localhost:3000')\n  .patch('/api/v1/users')\n  .send({\n    \n    \"name\": \"newName\",\n    \"email\": \"new_email@gmail.com\",\n    \"password\": \"newpassword123\"\n  })\n  .set('Accept', 'application/json')\n  .set('Content-Type','application/json')\n  .set('Authorization','eyJhbGciOiJI...')\n  .expect(function(res) {\n      res.body.message = 'User updated with success';\n    })\n  .expect(200,done);",
              "err": {
                "message": "Error: expected 200 \"OK\", got 403 \"Forbidden\"",
                "estack": "Error: expected 200 \"OK\", got 403 \"Forbidden\"\n    at Context.<anonymous> (test.js:69:12)\n    at process.processImmediate (node:internal/timers:478:21)\n----\n    at Test._assertStatus (node_modules\\supertest\\lib\\test.js:252:14)\n    at D:\\Fatma Ezzat\\Job\\Projects\\Siemens Task\\App\\node_modules\\supertest\\lib\\test.js:308:13\n    at Test._assertFunction (node_modules\\supertest\\lib\\test.js:285:13)\n    at Test.assert (node_modules\\supertest\\lib\\test.js:164:23)\n    at localAssert (node_modules\\supertest\\lib\\test.js:120:14)\n    at D:\\Fatma Ezzat\\Job\\Projects\\Siemens Task\\App\\node_modules\\supertest\\lib\\test.js:125:7\n    at Request.callback (node_modules\\superagent\\lib\\node\\index.js:867:3)\n    at D:\\Fatma Ezzat\\Job\\Projects\\Siemens Task\\App\\node_modules\\superagent\\lib\\node\\index.js:1070:18\n    at IncomingMessage.<anonymous> (node_modules\\superagent\\lib\\node\\parsers\\json.js:21:7)\n    at IncomingMessage.emit (node:events:530:35)\n    at endReadableNT (node:internal/streams/readable:1696:12)\n    at process.processTicksAndRejections (node:internal/process/task_queues:82:21)",
                "diff": null
              },
              "uuid": "6cb5706f-9283-4ad8-986c-ef0f6cb0b843",
              "parentUUID": "a108aee1-fb2e-4dfa-8b36-266ce589703c",
              "isHook": false,
              "skipped": false
            },
            {
              "title": "should delete user by token",
              "fullTitle": "api testing should delete user by token",
              "timedOut": false,
              "duration": 8,
              "state": "failed",
              "speed": null,
              "pass": false,
              "fail": true,
              "pending": false,
              "context": null,
              "code": "request('http://localhost:3000')\n.delete('/api/v1/users')\n.set('Authorization','eyJhbGciOiJI...')\n.set('Content-Type','application/json')\n.expect(function(res) {\n    res.body.message = 'User deleted with success';\n  })\n.expect(200,done);",
              "err": {
                "message": "Error: expected 200 \"OK\", got 403 \"Forbidden\"",
                "estack": "Error: expected 200 \"OK\", got 403 \"Forbidden\"\n    at Context.<anonymous> (test.js:80:10)\n    at process.processImmediate (node:internal/timers:478:21)\n----\n    at Test._assertStatus (node_modules\\supertest\\lib\\test.js:252:14)\n    at D:\\Fatma Ezzat\\Job\\Projects\\Siemens Task\\App\\node_modules\\supertest\\lib\\test.js:308:13\n    at Test._assertFunction (node_modules\\supertest\\lib\\test.js:285:13)\n    at Test.assert (node_modules\\supertest\\lib\\test.js:164:23)\n    at localAssert (node_modules\\supertest\\lib\\test.js:120:14)\n    at D:\\Fatma Ezzat\\Job\\Projects\\Siemens Task\\App\\node_modules\\supertest\\lib\\test.js:125:7\n    at Request.callback (node_modules\\superagent\\lib\\node\\index.js:867:3)\n    at D:\\Fatma Ezzat\\Job\\Projects\\Siemens Task\\App\\node_modules\\superagent\\lib\\node\\index.js:1070:18\n    at IncomingMessage.<anonymous> (node_modules\\superagent\\lib\\node\\parsers\\json.js:21:7)\n    at IncomingMessage.emit (node:events:530:35)\n    at endReadableNT (node:internal/streams/readable:1696:12)\n    at process.processTicksAndRejections (node:internal/process/task_queues:82:21)",
                "diff": null
              },
              "uuid": "5634ee50-c40e-4f79-a8d0-80865f06d47f",
              "parentUUID": "a108aee1-fb2e-4dfa-8b36-266ce589703c",
              "isHook": false,
              "skipped": false
            },
            {
              "title": "should delete all users successfully",
              "fullTitle": "api testing should delete all users successfully",
              "timedOut": false,
              "duration": 8,
              "state": "passed",
              "speed": "fast",
              "pass": true,
              "fail": false,
              "pending": false,
              "context": null,
              "code": "request('http://localhost:3000')\n  .delete('/api/v1/all-users')\n  .send({\n    \"key_admin\": \"keyadmin123\"\n  })\n  .set('Accept', 'application/json')\n  .set('Content-Type','application/json')\n  .expect(function(res) {\n      res.body.message = 'Users deleted with success';\n    })\n  .expect(200,done);",
              "err": {},
              "uuid": "0691e249-b511-4840-8518-08babb21faa4",
              "parentUUID": "a108aee1-fb2e-4dfa-8b36-266ce589703c",
              "isHook": false,
              "skipped": false
            }
          ],
          "suites": [],
          "passes": [
            "a546a3a5-847a-4a5d-8f99-6f5092482c9a",
            "da476290-6e8a-44e9-a45f-70a686823837",
            "0691e249-b511-4840-8518-08babb21faa4"
          ],
          "failures": [
            "4f714486-e363-4587-8dc6-88585d000a4e",
            "6cb5706f-9283-4ad8-986c-ef0f6cb0b843",
            "5634ee50-c40e-4f79-a8d0-80865f06d47f"
          ],
          "pending": [],
          "skipped": [],
          "duration": 161,
          "root": false,
          "rootEmpty": false,
          "_timeout": 2000
        }
      ],
      "passes": [],
      "failures": [],
      "pending": [],
      "skipped": [],
      "duration": 0,
      "root": true,
      "rootEmpty": true,
      "_timeout": 2000
    }
  ],
  "meta": {
    "mocha": {
      "version": "10.3.0"
    },
    "mochawesome": {
      "options": {
        "quiet": false,
        "reportFilename": "mochawesome",
        "saveHtml": true,
        "saveJson": true,
        "consoleReporter": "spec",
        "useInlineDiffs": false,
        "code": true
      },
      "version": "7.1.3"
    },
    "marge": {
      "options": null,
      "version": "6.2.0"
    }
  }
}